<?xml version="1.0" encoding="UTF-8"?>
<testsuite xmlns:xsi="http://www.w3.org/2001/XMLSchema-instance" xsi:noNamespaceSchemaLocation="https://maven.apache.org/surefire/maven-surefire-plugin/xsd/surefire-test-report-3.0.xsd" version="3.0" name="com.skillstorm.CalculatorTests" time="0.048" tests="13" errors="0" skipped="0" failures="0">
  <properties>
[...]
</properties>
  <testcase name="addAndOverflow" classname="com.skillstorm.CalculatorTests" time="0.014">
    <system-out><![CDATA[*** BeforeAll Setup ***
*** BeforeEach ***
*** Add And Overflow ***
*** AfterEach ***
]]></system-out>
  </testcase>
  <testcase name="addTwoIntegers" classname="com.skillstorm.CalculatorTests" time="0.002">
    <system-out><![CDATA[*** BeforeEach ***
*** Add Two Integers ***
PASSED!
*** AfterEach ***
]]></system-out>
  </testcase>
  <testcase name="basicMultiplication" classname="com.skillstorm.CalculatorTests" time="0.001">
    <system-out><![CDATA[*** BeforeEach ***
*** Basic Multiplication ***
*** AfterEach ***
]]></system-out>
  </testcase>
  <testcase name="basicSubtraction" classname="com.skillstorm.CalculatorTests" time="0.0">
    <system-out><![CDATA[*** BeforeEach ***
*** Basic Subtraction ***
*** AfterEach ***
]]></system-out>
  </testcase>
  <testcase name="divideIntegers" classname="com.skillstorm.CalculatorTests" time="0.001">
    <system-out><![CDATA[*** BeforeEach ***
*** Divide Integers ***
*** AfterEach ***
]]></system-out>
  </testcase>
  <testcase name="defaultTest" classname="com.skillstorm.CalculatorTests" time="0.001">
    <system-out><![CDATA[*** BeforeEach ***
*** AfterEach ***
]]></system-out>
  </testcase>
  <testcase name="oneArgConstructor" classname="com.skillstorm.CalculatorTests" time="0.0">
    <system-out><![CDATA[*** BeforeEach ***
*** AfterEach ***
]]></system-out>
  </testcase>
  <testcase name="randomTest" classname="com.skillstorm.CalculatorTests" time="0.0">
    <system-out><![CDATA[*** BeforeEach ***
*** AfterEach ***
]]></system-out>
  </testcase>
  <testcase name="powerTest" classname="com.skillstorm.CalculatorTests" time="0.001">
    <system-out><![CDATA[*** BeforeEach ***
*** AfterEach ***
]]></system-out>
  </testcase>
  <testcase name="noArgsConstructor" classname="com.skillstorm.CalculatorTests" time="0.001">
    <system-out><![CDATA[*** BeforeEach ***
*** AfterEach ***
]]></system-out>
  </testcase>
  <testcase name="subtractAndUnderflow" classname="com.skillstorm.CalculatorTests" time="0.0">
    <system-out><![CDATA[*** BeforeEach ***
*** Subtract and Underflow ***
*** AfterEach ***
]]></system-out>
  </testcase>
  <testcase name="divideByZero" classname="com.skillstorm.CalculatorTests" time="0.001">
    <system-out><![CDATA[*** BeforeEach ***
*** Divide By Zero ***
*** AfterEach ***
]]></system-out>
  </testcase>
  <testcase name="multiplyAndOverflow" classname="com.skillstorm.CalculatorTests" time="0.0">
    <system-out><![CDATA[*** BeforeEach ***
*** Multiply and Overflow ***
*** AfterEach ***
]]></system-out>
  </testcase>
</testsuite>